Performing C++ SOURCE FILE Test CMAKE_HAVE_LIBC_PTHREAD failed with the following output:
Change Dir: /media/PC_Sync/Projects/C and C++/C++ Snippets/template_cmake/build/CMakeFiles/CMakeTmp

Run Build Command(s):/usr/bin/make -f Makefile cmTC_fab71/fast && make: Warning: File 'Makefile' has modification time 2,4 s in the future
/usr/bin/make  -f CMakeFiles/cmTC_fab71.dir/build.make CMakeFiles/cmTC_fab71.dir/build
make[1]: Entering directory '/media/PC_Sync/Projects/C and C++/C++ Snippets/template_cmake/build/CMakeFiles/CMakeTmp'
make[1]: Warning: File 'CMakeFiles/cmTC_fab71.dir/flags.make' has modification time 2,4 s in the future
Building CXX object CMakeFiles/cmTC_fab71.dir/src.cxx.o
/usr/bin/c++ -DCMAKE_HAVE_LIBC_PTHREAD  -Werror -Wall -Wextra -pedantic  -o CMakeFiles/cmTC_fab71.dir/src.cxx.o -c "/media/PC_Sync/Projects/C and C++/C++ Snippets/template_cmake/build/CMakeFiles/CMakeTmp/src.cxx"
Linking CXX executable cmTC_fab71
/snap/cmake/888/bin/cmake -E cmake_link_script CMakeFiles/cmTC_fab71.dir/link.txt --verbose=1
/usr/bin/c++ -Werror -Wall -Wextra -pedantic  -rdynamic CMakeFiles/cmTC_fab71.dir/src.cxx.o -o cmTC_fab71 
/usr/bin/ld: CMakeFiles/cmTC_fab71.dir/src.cxx.o: in function `main':
src.cxx:(.text+0x46): undefined reference to `pthread_create'
/usr/bin/ld: src.cxx:(.text+0x52): undefined reference to `pthread_detach'
/usr/bin/ld: src.cxx:(.text+0x5e): undefined reference to `pthread_cancel'
/usr/bin/ld: src.cxx:(.text+0x6f): undefined reference to `pthread_join'
collect2: error: ld returned 1 exit status
make[1]: *** [CMakeFiles/cmTC_fab71.dir/build.make:99: cmTC_fab71] Error 1
make[1]: Leaving directory '/media/PC_Sync/Projects/C and C++/C++ Snippets/template_cmake/build/CMakeFiles/CMakeTmp'
make: *** [Makefile:127: cmTC_fab71/fast] Error 2


Source file was:
#include <pthread.h>

static void* test_func(void* data)
{
  return data;
}

int main(void)
{
  pthread_t thread;
  pthread_create(&thread, NULL, test_func, NULL);
  pthread_detach(thread);
  pthread_cancel(thread);
  pthread_join(thread, NULL);
  pthread_atfork(NULL, NULL, NULL);
  pthread_exit(NULL);

  return 0;
}

Determining if the function pthread_create exists in the pthreads failed with the following output:
Change Dir: /media/PC_Sync/Projects/C and C++/C++ Snippets/template_cmake/build/CMakeFiles/CMakeTmp

Run Build Command(s):/usr/bin/make -f Makefile cmTC_2d05d/fast && make: Warning: File 'Makefile' has modification time 2,2 s in the future
/usr/bin/make  -f CMakeFiles/cmTC_2d05d.dir/build.make CMakeFiles/cmTC_2d05d.dir/build
make[1]: Entering directory '/media/PC_Sync/Projects/C and C++/C++ Snippets/template_cmake/build/CMakeFiles/CMakeTmp'
make[1]: Warning: File 'CMakeFiles/cmTC_2d05d.dir/flags.make' has modification time 2,2 s in the future
Building CXX object CMakeFiles/cmTC_2d05d.dir/CheckFunctionExists.cxx.o
/usr/bin/c++   -Werror -Wall -Wextra -pedantic -DCHECK_FUNCTION_EXISTS=pthread_create -o CMakeFiles/cmTC_2d05d.dir/CheckFunctionExists.cxx.o -c "/media/PC_Sync/Projects/C and C++/C++ Snippets/template_cmake/build/CMakeFiles/CheckLibraryExists/CheckFunctionExists.cxx"
Linking CXX executable cmTC_2d05d
/snap/cmake/888/bin/cmake -E cmake_link_script CMakeFiles/cmTC_2d05d.dir/link.txt --verbose=1
/usr/bin/c++ -Werror -Wall -Wextra -pedantic -DCHECK_FUNCTION_EXISTS=pthread_create -rdynamic CMakeFiles/cmTC_2d05d.dir/CheckFunctionExists.cxx.o -o cmTC_2d05d  -lpthreads 
/usr/bin/ld: cannot find -lpthreads
collect2: error: ld returned 1 exit status
make[1]: *** [CMakeFiles/cmTC_2d05d.dir/build.make:99: cmTC_2d05d] Error 1
make[1]: Leaving directory '/media/PC_Sync/Projects/C and C++/C++ Snippets/template_cmake/build/CMakeFiles/CMakeTmp'
make: *** [Makefile:127: cmTC_2d05d/fast] Error 2



